<?xml version="1.0" encoding="UTF-8"?>
<!-- Generated by org.testng.reporters.JUnitReportReporter -->
<testsuite skipped="0" hostname="LAPTOP-PQJV08MI" name="com.maven.MavenPractise.FbTestNG" tests="2" failures="0" timestamp="2019-12-17T14:29:58 IST" time="0.020" errors="0">
  <testcase name="test1" time="0.015" classname="com.maven.MavenPractise.FbTestNG"/>
  <testcase name="test2" time="0.005" classname="com.maven.MavenPractise.FbTestNG"/>
</testsuite> <!-- com.maven.MavenPractise.FbTestNG -->
